<?xml version="1.0" encoding="UTF-8"?>
<!-- Generated by org.testng.reporters.JUnitReportReporter -->
<testsuite hostname="DESKTOP-9NCC60S" failures="0" tests="9" name="com.icehrm_automation.LoginTest2$LoginTest" time="15.110" errors="1" timestamp="2023-03-28T15:45:36 IST" skipped="8">
  <testcase classname="com.icehrm_automation.LoginTest2$LoginTest" name="beforeClass" time="15.110">
    <error message="Unable to establish websocket connection to http://localhost:53995/devtools/browser/032958b8-6404-4045-a9dc-d1739d86e4c0
Build info: version: &#039;4.8.0&#039;, revision: &#039;267030adea&#039;
System info: os.name: &#039;Windows 10&#039;, os.arch: &#039;amd64&#039;, os.version: &#039;10.0&#039;, java.version: &#039;17.0.6&#039;
Driver info: driver.version: ChromeDriver" type="org.openqa.selenium.remote.http.ConnectionFailedException">
      <![CDATA[org.openqa.selenium.remote.http.ConnectionFailedException: Unable to establish websocket connection to http://localhost:53995/devtools/browser/032958b8-6404-4045-a9dc-d1739d86e4c0
Build info: version: '4.8.0', revision: '267030adea'
System info: os.name: 'Windows 10', os.arch: 'amd64', os.version: '10.0', java.version: '17.0.6'
Driver info: driver.version: ChromeDriver
at org.openqa.selenium.remote.http.netty.NettyWebSocket.<init>(NettyWebSocket.java:102)
at org.openqa.selenium.remote.http.netty.NettyWebSocket.lambda$create$3(NettyWebSocket.java:128)
at org.openqa.selenium.remote.http.netty.NettyClient.openSocket(NettyClient.java:107)
at org.openqa.selenium.devtools.Connection.<init>(Connection.java:78)
at org.openqa.selenium.chromium.ChromiumDriver.lambda$new$2(ChromiumDriver.java:116)
at java.base/java.util.Optional.map(Optional.java:260)
at org.openqa.selenium.chromium.ChromiumDriver.<init>(ChromiumDriver.java:114)
at org.openqa.selenium.chrome.ChromeDriver.<init>(ChromeDriver.java:82)
at org.openqa.selenium.chrome.ChromeDriver.<init>(ChromeDriver.java:50)
at com.icehrm_automation.utility.BaseClass1.luanchBrowser(BaseClass1.java:42)
at com.icehrm_automation.LoginTest2$LoginTest.beforeClass(LoginTest2.java:18)
at java.base/jdk.internal.reflect.NativeMethodAccessorImpl.invoke0(Native Method)
at java.base/jdk.internal.reflect.NativeMethodAccessorImpl.invoke(NativeMethodAccessorImpl.java:77)
at java.base/jdk.internal.reflect.DelegatingMethodAccessorImpl.invoke(DelegatingMethodAccessorImpl.java:43)
at java.base/java.lang.reflect.Method.invoke(Method.java:568)
at org.testng.internal.MethodInvocationHelper.invokeMethod(MethodInvocationHelper.java:133)
at org.testng.internal.MethodInvocationHelper.invokeMethodConsideringTimeout(MethodInvocationHelper.java:62)
at org.testng.internal.ConfigInvoker.invokeConfigurationMethod(ConfigInvoker.java:385)
at org.testng.internal.ConfigInvoker.invokeConfigurations(ConfigInvoker.java:321)
at org.testng.internal.TestMethodWorker.invokeBeforeClassMethods(TestMethodWorker.java:176)
at org.testng.internal.TestMethodWorker.run(TestMethodWorker.java:122)
at java.base/java.util.ArrayList.forEach(ArrayList.java:1511)
at org.testng.TestRunner.privateRun(TestRunner.java:794)
at org.testng.TestRunner.run(TestRunner.java:596)
at org.testng.SuiteRunner.runTest(SuiteRunner.java:377)
at org.testng.SuiteRunner.runSequentially(SuiteRunner.java:371)
at org.testng.SuiteRunner.privateRun(SuiteRunner.java:332)
at org.testng.SuiteRunner.run(SuiteRunner.java:276)
at org.testng.SuiteRunnerWorker.runSuite(SuiteRunnerWorker.java:53)
at org.testng.SuiteRunnerWorker.run(SuiteRunnerWorker.java:96)
at org.testng.TestNG.runSuitesSequentially(TestNG.java:1212)
at org.testng.TestNG.runSuitesLocally(TestNG.java:1134)
at org.testng.TestNG.runSuites(TestNG.java:1063)
at org.testng.TestNG.run(TestNG.java:1031)
at org.testng.remote.AbstractRemoteTestNG.run(AbstractRemoteTestNG.java:115)
at org.testng.remote.RemoteTestNG.initAndRun(RemoteTestNG.java:251)
at org.testng.remote.RemoteTestNG.main(RemoteTestNG.java:77)
]]>
    </error>
  </testcase> <!-- beforeClass -->
  <system-out/>
  <testcase classname="com.icehrm_automation.LoginTest2$LoginTest" name="verifyLoginWithusernamespecialcherpassword" time="0.000">
    <skipped/>
  </testcase> <!-- verifyLoginWithusernamespecialcherpassword -->
  <system-out/>
  <testcase classname="com.icehrm_automation.LoginTest2$LoginTest" name="verifyLoginWithInvalidUsername" time="0.000">
    <skipped/>
  </testcase> <!-- verifyLoginWithInvalidUsername -->
  <system-out/>
  <testcase classname="com.icehrm_automation.LoginTest2$LoginTest" name="verifyLoginWithspecialcharusernamepassword" time="0.000">
    <skipped/>
  </testcase> <!-- verifyLoginWithspecialcharusernamepassword -->
  <system-out/>
  <testcase classname="com.icehrm_automation.LoginTest2$LoginTest" name="verifyLoginWithBlankusernamepassword" time="0.000">
    <skipped/>
  </testcase> <!-- verifyLoginWithBlankusernamepassword -->
  <system-out/>
  <testcase classname="com.icehrm_automation.LoginTest2$LoginTest" name="verifyLoginWithInvalidPassword" time="0.000">
    <skipped/>
  </testcase> <!-- verifyLoginWithInvalidPassword -->
  <system-out/>
  <testcase classname="com.icehrm_automation.LoginTest2$LoginTest" name="verifyLoginWithnumberusernamepassword" time="0.000">
    <skipped/>
  </testcase> <!-- verifyLoginWithnumberusernamepassword -->
  <system-out/>
  <testcase classname="com.icehrm_automation.LoginTest2$LoginTest" name="verifyLoginWithusernamenumberpassword" time="0.000">
    <skipped/>
  </testcase> <!-- verifyLoginWithusernamenumberpassword -->
  <system-out/>
  <testcase classname="com.icehrm_automation.LoginTest2$LoginTest" name="verifyLoginWithValidCred" time="0.000">
    <skipped/>
  </testcase> <!-- verifyLoginWithValidCred -->
  <system-out/>
</testsuite> <!-- com.icehrm_automation.LoginTest2$LoginTest -->
